===================================================
Starting full backup at Tue 26 Nov 2024 12:00:07 PM EST
Creating a full backup of /home/ab/bu/data...
Full backup completed successfully: /home/ab/bu/backup/full_backup_2024-11-26_12-00-07.tar.gz
Full backup process completed at Tue 26 Nov 2024 12:00:07 PM EST
===================================================
===================================================
Starting full backup at Tue 26 Nov 2024 12:09:32 PM EST
Creating a full backup of /home/ab/bu/data...
Full backup completed successfully: /home/ab/bu/backup/full_backup_2024-11-26_12-09-32.tar.gz
Full backup process completed at Tue 26 Nov 2024 12:09:32 PM EST
===================================================
===================================================
Starting full backup at Tue 26 Nov 2024 12:10:17 PM EST
Creating a full backup of /home/ab/bu/data...
Full backup completed successfully: /home/ab/bu/backup/full_backup_2024-11-26_12-10-17.tar.gz
Full backup process completed at Tue 26 Nov 2024 12:10:17 PM EST
===================================================
===================================================
Starting full backup at Tue 26 Nov 2024 12:10:45 PM EST
Creating a full backup of /home/ab/bu/data...
Full backup completed successfully: /home/ab/bu/backup/full_backup_2024-11-26_12-10-45.tar.gz
Full backup process completed at Tue 26 Nov 2024 12:10:45 PM EST
===================================================
